2023-05-27 17:35:29.710 [SpringApplicationShutdownHook] INFO  com.alibaba.druid.pool.DruidDataSource - {dataSource-1} closing ...
2023-05-27 17:35:29.712 [SpringApplicationShutdownHook] INFO  com.alibaba.druid.pool.DruidDataSource - {dataSource-1} closed
2023-05-27 17:36:04.170 [main] INFO  com.example.graph.GraphApplication - Starting GraphApplication using Java 1.8.0_372 on CM-H7SFC230502A with PID 24552 (C:\Users\G1656996\Desktop\backup\graph\target\classes started by G1656996 in C:\Users\G1656996\Desktop\backup\graph)
2023-05-27 17:36:04.173 [main] INFO  com.example.graph.GraphApplication - No active profile set, falling back to 1 default profile: "default"
2023-05-27 17:36:04.770 [main] INFO  o.s.boot.web.embedded.tomcat.TomcatWebServer - Tomcat initialized with port(s): 8080 (http)
2023-05-27 17:36:04.774 [main] INFO  org.apache.coyote.http11.Http11NioProtocol - Initializing ProtocolHandler ["http-nio-8080"]
2023-05-27 17:36:04.774 [main] INFO  org.apache.catalina.core.StandardService - Starting service [Tomcat]
2023-05-27 17:36:04.774 [main] INFO  org.apache.catalina.core.StandardEngine - Starting Servlet engine: [Apache Tomcat/9.0.74]
2023-05-27 17:36:04.834 [main] INFO  o.a.c.core.ContainerBase.[Tomcat].[localhost].[/] - Initializing Spring embedded WebApplicationContext
2023-05-27 17:36:04.834 [main] INFO  o.s.b.w.s.c.ServletWebServerApplicationContext - Root WebApplicationContext: initialization completed in 630 ms
2023-05-27 17:36:04.907 [main] INFO  c.a.d.s.b.a.DruidDataSourceAutoConfigure - Init DruidDataSource
2023-05-27 17:36:04.949 [main] INFO  com.alibaba.druid.pool.DruidDataSource - {dataSource-1} inited
2023-05-27 17:36:04.957 [main] INFO  c.g.y.a.MybatisPlusJoinAutoConfiguration - MPJSqlInjector init
2023-05-27 17:36:05.781 [main] INFO  org.apache.coyote.http11.Http11NioProtocol - Starting ProtocolHandler ["http-nio-8080"]
2023-05-27 17:36:05.791 [main] INFO  o.s.boot.web.embedded.tomcat.TomcatWebServer - Tomcat started on port(s): 8080 (http) with context path ''
2023-05-27 17:36:05.799 [main] INFO  com.example.graph.GraphApplication - Started GraphApplication in 1.866 seconds (JVM running for 2.433)
2023-05-27 17:36:09.495 [SpringApplicationShutdownHook] INFO  com.alibaba.druid.pool.DruidDataSource - {dataSource-1} closing ...
2023-05-27 17:36:09.496 [SpringApplicationShutdownHook] INFO  com.alibaba.druid.pool.DruidDataSource - {dataSource-1} closed
2023-05-27 17:36:11.908 [main] INFO  com.example.graph.GraphApplication - Starting GraphApplication using Java 1.8.0_372 on CM-H7SFC230502A with PID 32440 (C:\Users\G1656996\Desktop\backup\graph\target\classes started by G1656996 in C:\Users\G1656996\Desktop\backup\graph)
2023-05-27 17:36:11.911 [main] INFO  com.example.graph.GraphApplication - No active profile set, falling back to 1 default profile: "default"
2023-05-27 17:36:12.611 [main] INFO  o.s.boot.web.embedded.tomcat.TomcatWebServer - Tomcat initialized with port(s): 8080 (http)
2023-05-27 17:36:12.615 [main] INFO  org.apache.coyote.http11.Http11NioProtocol - Initializing ProtocolHandler ["http-nio-8080"]
2023-05-27 17:36:12.615 [main] INFO  org.apache.catalina.core.StandardService - Starting service [Tomcat]
2023-05-27 17:36:12.615 [main] INFO  org.apache.catalina.core.StandardEngine - Starting Servlet engine: [Apache Tomcat/9.0.74]
2023-05-27 17:36:12.669 [main] INFO  o.a.c.core.ContainerBase.[Tomcat].[localhost].[/] - Initializing Spring embedded WebApplicationContext
2023-05-27 17:36:12.669 [main] INFO  o.s.b.w.s.c.ServletWebServerApplicationContext - Root WebApplicationContext: initialization completed in 718 ms
2023-05-27 17:36:12.753 [main] INFO  c.a.d.s.b.a.DruidDataSourceAutoConfigure - Init DruidDataSource
2023-05-27 17:36:12.803 [main] INFO  com.alibaba.druid.pool.DruidDataSource - {dataSource-1} inited
2023-05-27 17:36:12.810 [main] INFO  c.g.y.a.MybatisPlusJoinAutoConfiguration - MPJSqlInjector init
2023-05-27 17:36:13.742 [main] INFO  org.apache.coyote.http11.Http11NioProtocol - Starting ProtocolHandler ["http-nio-8080"]
2023-05-27 17:36:13.759 [main] INFO  o.s.boot.web.embedded.tomcat.TomcatWebServer - Tomcat started on port(s): 8080 (http) with context path ''
2023-05-27 17:36:13.766 [main] INFO  com.example.graph.GraphApplication - Started GraphApplication in 2.16 seconds (JVM running for 2.815)
2023-05-27 17:36:21.389 [http-nio-8080-exec-2] INFO  o.a.c.core.ContainerBase.[Tomcat].[localhost].[/] - Initializing Spring DispatcherServlet 'dispatcherServlet'
2023-05-27 17:36:21.390 [http-nio-8080-exec-2] INFO  org.springframework.web.servlet.DispatcherServlet - Initializing Servlet 'dispatcherServlet'
2023-05-27 17:36:21.390 [http-nio-8080-exec-2] INFO  org.springframework.web.servlet.DispatcherServlet - Completed initialization in 0 ms
2023-05-27 17:38:03.115 [SpringApplicationShutdownHook] INFO  com.alibaba.druid.pool.DruidDataSource - {dataSource-1} closing ...
2023-05-27 17:38:03.120 [SpringApplicationShutdownHook] INFO  com.alibaba.druid.pool.DruidDataSource - {dataSource-1} closed
2023-05-27 17:38:05.543 [main] INFO  com.example.graph.GraphApplication - Starting GraphApplication using Java 1.8.0_372 on CM-H7SFC230502A with PID 11312 (C:\Users\G1656996\Desktop\backup\graph\target\classes started by G1656996 in C:\Users\G1656996\Desktop\backup\graph)
2023-05-27 17:38:05.546 [main] INFO  com.example.graph.GraphApplication - No active profile set, falling back to 1 default profile: "default"
2023-05-27 17:38:06.255 [main] INFO  o.s.boot.web.embedded.tomcat.TomcatWebServer - Tomcat initialized with port(s): 8080 (http)
2023-05-27 17:38:06.260 [main] INFO  org.apache.coyote.http11.Http11NioProtocol - Initializing ProtocolHandler ["http-nio-8080"]
2023-05-27 17:38:06.260 [main] INFO  org.apache.catalina.core.StandardService - Starting service [Tomcat]
2023-05-27 17:38:06.260 [main] INFO  org.apache.catalina.core.StandardEngine - Starting Servlet engine: [Apache Tomcat/9.0.74]
2023-05-27 17:38:06.330 [main] INFO  o.a.c.core.ContainerBase.[Tomcat].[localhost].[/] - Initializing Spring embedded WebApplicationContext
2023-05-27 17:38:06.330 [main] INFO  o.s.b.w.s.c.ServletWebServerApplicationContext - Root WebApplicationContext: initialization completed in 745 ms
2023-05-27 17:38:06.417 [main] INFO  c.a.d.s.b.a.DruidDataSourceAutoConfigure - Init DruidDataSource
2023-05-27 17:38:06.468 [main] INFO  com.alibaba.druid.pool.DruidDataSource - {dataSource-1} inited
2023-05-27 17:38:06.478 [main] INFO  c.g.y.a.MybatisPlusJoinAutoConfiguration - MPJSqlInjector init
2023-05-27 17:38:07.418 [main] INFO  o.s.boot.web.embedded.tomcat.TomcatWebServer - Tomcat started on port(s): 8080 (http) with context path ''
2023-05-27 17:38:07.423 [main] INFO  com.example.graph.GraphApplication - Started GraphApplication in 2.177 seconds (JVM running for 2.829)
2023-05-27 17:38:07.564 [SpringApplicationShutdownHook] INFO  com.alibaba.druid.pool.DruidDataSource - {dataSource-1} closing ...
2023-05-27 17:38:07.570 [SpringApplicationShutdownHook] INFO  com.alibaba.druid.pool.DruidDataSource - {dataSource-1} closed
2023-05-27 17:38:09.882 [main] INFO  com.example.graph.GraphApplication - Starting GraphApplication using Java 1.8.0_372 on CM-H7SFC230502A with PID 8984 (C:\Users\G1656996\Desktop\backup\graph\target\classes started by G1656996 in C:\Users\G1656996\Desktop\backup\graph)
2023-05-27 17:38:09.884 [main] INFO  com.example.graph.GraphApplication - No active profile set, falling back to 1 default profile: "default"
2023-05-27 17:38:10.469 [main] INFO  o.s.boot.web.embedded.tomcat.TomcatWebServer - Tomcat initialized with port(s): 8080 (http)
2023-05-27 17:38:10.472 [main] INFO  org.apache.coyote.http11.Http11NioProtocol - Initializing ProtocolHandler ["http-nio-8080"]
2023-05-27 17:38:10.472 [main] INFO  org.apache.catalina.core.StandardService - Starting service [Tomcat]
2023-05-27 17:38:10.473 [main] INFO  org.apache.catalina.core.StandardEngine - Starting Servlet engine: [Apache Tomcat/9.0.74]
2023-05-27 17:38:10.528 [main] INFO  o.a.c.core.ContainerBase.[Tomcat].[localhost].[/] - Initializing Spring embedded WebApplicationContext
2023-05-27 17:38:10.528 [main] INFO  o.s.b.w.s.c.ServletWebServerApplicationContext - Root WebApplicationContext: initialization completed in 609 ms
2023-05-27 17:38:10.606 [main] INFO  c.a.d.s.b.a.DruidDataSourceAutoConfigure - Init DruidDataSource
2023-05-27 17:38:10.648 [main] INFO  com.alibaba.druid.pool.DruidDataSource - {dataSource-1} inited
2023-05-27 17:38:10.655 [main] INFO  c.g.y.a.MybatisPlusJoinAutoConfiguration - MPJSqlInjector init
2023-05-27 17:38:11.451 [main] INFO  org.apache.coyote.http11.Http11NioProtocol - Starting ProtocolHandler ["http-nio-8080"]
2023-05-27 17:38:11.465 [main] INFO  o.s.boot.web.embedded.tomcat.TomcatWebServer - Tomcat started on port(s): 8080 (http) with context path ''
2023-05-27 17:38:11.472 [main] INFO  com.example.graph.GraphApplication - Started GraphApplication in 1.824 seconds (JVM running for 2.42)
2023-05-27 17:38:15.434 [http-nio-8080-exec-1] INFO  o.a.c.core.ContainerBase.[Tomcat].[localhost].[/] - Initializing Spring DispatcherServlet 'dispatcherServlet'
2023-05-27 17:38:15.434 [http-nio-8080-exec-1] INFO  org.springframework.web.servlet.DispatcherServlet - Initializing Servlet 'dispatcherServlet'
2023-05-27 17:38:15.435 [http-nio-8080-exec-1] INFO  org.springframework.web.servlet.DispatcherServlet - Completed initialization in 1 ms
2023-05-27 17:39:13.742 [main] INFO  o.s.b.t.context.SpringBootTestContextBootstrapper - Neither @ContextConfiguration nor @ContextHierarchy found for test class [com.example.graph.GraphApplicationTests], using SpringBootContextLoader
2023-05-27 17:39:13.746 [main] INFO  o.s.test.context.support.AbstractContextLoader - Could not detect default resource locations for test class [com.example.graph.GraphApplicationTests]: no resource found for suffixes {-context.xml, Context.groovy}.
2023-05-27 17:39:13.746 [main] INFO  o.s.t.c.support.AnnotationConfigContextLoaderUtils - Could not detect default configuration classes for test class [com.example.graph.GraphApplicationTests]: GraphApplicationTests does not declare any static, non-private, non-final, nested classes annotated with @Configuration.
2023-05-27 17:39:13.819 [main] INFO  o.s.b.t.context.SpringBootTestContextBootstrapper - Found @SpringBootConfiguration com.example.graph.GraphApplication for test class com.example.graph.GraphApplicationTests
2023-05-27 17:39:13.889 [main] INFO  o.s.b.t.context.SpringBootTestContextBootstrapper - Loaded default TestExecutionListener class names from location [META-INF/spring.factories]: [org.springframework.boot.test.mock.mockito.MockitoTestExecutionListener, org.springframework.boot.test.mock.mockito.ResetMocksTestExecutionListener, org.springframework.boot.test.autoconfigure.restdocs.RestDocsTestExecutionListener, org.springframework.boot.test.autoconfigure.web.client.MockRestServiceServerResetTestExecutionListener, org.springframework.boot.test.autoconfigure.web.servlet.MockMvcPrintOnlyOnFailureTestExecutionListener, org.springframework.boot.test.autoconfigure.web.servlet.WebDriverTestExecutionListener, org.springframework.boot.test.autoconfigure.webservices.client.MockWebServiceServerTestExecutionListener, org.springframework.test.context.web.ServletTestExecutionListener, org.springframework.test.context.support.DirtiesContextBeforeModesTestExecutionListener, org.springframework.test.context.event.ApplicationEventsTestExecutionListener, org.springframework.test.context.support.DependencyInjectionTestExecutionListener, org.springframework.test.context.support.DirtiesContextTestExecutionListener, org.springframework.test.context.transaction.TransactionalTestExecutionListener, org.springframework.test.context.jdbc.SqlScriptsTestExecutionListener, org.springframework.test.context.event.EventPublishingTestExecutionListener]
2023-05-27 17:39:13.901 [main] INFO  o.s.b.t.context.SpringBootTestContextBootstrapper - Using TestExecutionListeners: [org.springframework.test.context.web.ServletTestExecutionListener@7674b62c, org.springframework.test.context.support.DirtiesContextBeforeModesTestExecutionListener@19e7a160, org.springframework.test.context.event.ApplicationEventsTestExecutionListener@662706a7, org.springframework.boot.test.mock.mockito.MockitoTestExecutionListener@45a4b042, org.springframework.boot.test.autoconfigure.SpringBootDependencyInjectionTestExecutionListener@16b2bb0c, org.springframework.test.context.support.DirtiesContextTestExecutionListener@327af41b, org.springframework.test.context.transaction.TransactionalTestExecutionListener@6cb6decd, org.springframework.test.context.jdbc.SqlScriptsTestExecutionListener@c7045b9, org.springframework.test.context.event.EventPublishingTestExecutionListener@f99f5e0, org.springframework.boot.test.mock.mockito.ResetMocksTestExecutionListener@6aa61224, org.springframework.boot.test.autoconfigure.restdocs.RestDocsTestExecutionListener@30bce90b, org.springframework.boot.test.autoconfigure.web.client.MockRestServiceServerResetTestExecutionListener@3e6f3f28, org.springframework.boot.test.autoconfigure.web.servlet.MockMvcPrintOnlyOnFailureTestExecutionListener@7e19ebf0, org.springframework.boot.test.autoconfigure.web.servlet.WebDriverTestExecutionListener@2474f125, org.springframework.boot.test.autoconfigure.webservices.client.MockWebServiceServerTestExecutionListener@7357a011]
2023-05-27 17:39:14.165 [main] INFO  com.example.graph.GraphApplicationTests - Starting GraphApplicationTests using Java 1.8.0_372 on CM-H7SFC230502A with PID 19748 (started by G1656996 in C:\Users\G1656996\Desktop\backup\graph)
2023-05-27 17:39:14.166 [main] INFO  com.example.graph.GraphApplicationTests - No active profile set, falling back to 1 default profile: "default"
2023-05-27 17:39:14.857 [main] INFO  c.a.d.s.b.a.DruidDataSourceAutoConfigure - Init DruidDataSource
2023-05-27 17:39:14.999 [main] INFO  com.alibaba.druid.pool.DruidDataSource - {dataSource-1} inited
2023-05-27 17:39:15.039 [main] INFO  c.g.y.a.MybatisPlusJoinAutoConfiguration - MPJSqlInjector init
2023-05-27 17:39:15.576 [main] WARN  c.b.mybatisplus.core.metadata.TableInfoHelper - This primary key of "machineId" is primitive !≤ªΩ®“È»Á¥À«Î π”√∞¸◊∞¿‡ in Class: "com.example.graph.entity.table.Machine"
2023-05-27 17:39:16.701 [main] INFO  com.example.graph.GraphApplicationTests - Started GraphApplicationTests in 2.778 seconds (JVM running for 3.469)
2023-05-27 17:39:17.810 [SpringApplicationShutdownHook] INFO  com.alibaba.druid.pool.DruidDataSource - {dataSource-1} closing ...
2023-05-27 17:39:17.815 [SpringApplicationShutdownHook] INFO  com.alibaba.druid.pool.DruidDataSource - {dataSource-1} closed
2023-05-27 18:25:20.101 [main] INFO  o.s.b.t.context.SpringBootTestContextBootstrapper - Neither @ContextConfiguration nor @ContextHierarchy found for test class [com.example.graph.GraphApplicationTests], using SpringBootContextLoader
2023-05-27 18:25:20.104 [main] INFO  o.s.test.context.support.AbstractContextLoader - Could not detect default resource locations for test class [com.example.graph.GraphApplicationTests]: no resource found for suffixes {-context.xml, Context.groovy}.
2023-05-27 18:25:20.104 [main] INFO  o.s.t.c.support.AnnotationConfigContextLoaderUtils - Could not detect default configuration classes for test class [com.example.graph.GraphApplicationTests]: GraphApplicationTests does not declare any static, non-private, non-final, nested classes annotated with @Configuration.
2023-05-27 18:25:20.185 [main] INFO  o.s.b.t.context.SpringBootTestContextBootstrapper - Found @SpringBootConfiguration com.example.graph.GraphApplication for test class com.example.graph.GraphApplicationTests
2023-05-27 18:25:20.281 [main] INFO  o.s.b.t.context.SpringBootTestContextBootstrapper - Loaded default TestExecutionListener class names from location [META-INF/spring.factories]: [org.springframework.boot.test.mock.mockito.MockitoTestExecutionListener, org.springframework.boot.test.mock.mockito.ResetMocksTestExecutionListener, org.springframework.boot.test.autoconfigure.restdocs.RestDocsTestExecutionListener, org.springframework.boot.test.autoconfigure.web.client.MockRestServiceServerResetTestExecutionListener, org.springframework.boot.test.autoconfigure.web.servlet.MockMvcPrintOnlyOnFailureTestExecutionListener, org.springframework.boot.test.autoconfigure.web.servlet.WebDriverTestExecutionListener, org.springframework.boot.test.autoconfigure.webservices.client.MockWebServiceServerTestExecutionListener, org.springframework.test.context.web.ServletTestExecutionListener, org.springframework.test.context.support.DirtiesContextBeforeModesTestExecutionListener, org.springframework.test.context.event.ApplicationEventsTestExecutionListener, org.springframework.test.context.support.DependencyInjectionTestExecutionListener, org.springframework.test.context.support.DirtiesContextTestExecutionListener, org.springframework.test.context.transaction.TransactionalTestExecutionListener, org.springframework.test.context.jdbc.SqlScriptsTestExecutionListener, org.springframework.test.context.event.EventPublishingTestExecutionListener]
2023-05-27 18:25:20.294 [main] INFO  o.s.b.t.context.SpringBootTestContextBootstrapper - Using TestExecutionListeners: [org.springframework.test.context.web.ServletTestExecutionListener@7674b62c, org.springframework.test.context.support.DirtiesContextBeforeModesTestExecutionListener@19e7a160, org.springframework.test.context.event.ApplicationEventsTestExecutionListener@662706a7, org.springframework.boot.test.mock.mockito.MockitoTestExecutionListener@45a4b042, org.springframework.boot.test.autoconfigure.SpringBootDependencyInjectionTestExecutionListener@16b2bb0c, org.springframework.test.context.support.DirtiesContextTestExecutionListener@327af41b, org.springframework.test.context.transaction.TransactionalTestExecutionListener@6cb6decd, org.springframework.test.context.jdbc.SqlScriptsTestExecutionListener@c7045b9, org.springframework.test.context.event.EventPublishingTestExecutionListener@f99f5e0, org.springframework.boot.test.mock.mockito.ResetMocksTestExecutionListener@6aa61224, org.springframework.boot.test.autoconfigure.restdocs.RestDocsTestExecutionListener@30bce90b, org.springframework.boot.test.autoconfigure.web.client.MockRestServiceServerResetTestExecutionListener@3e6f3f28, org.springframework.boot.test.autoconfigure.web.servlet.MockMvcPrintOnlyOnFailureTestExecutionListener@7e19ebf0, org.springframework.boot.test.autoconfigure.web.servlet.WebDriverTestExecutionListener@2474f125, org.springframework.boot.test.autoconfigure.webservices.client.MockWebServiceServerTestExecutionListener@7357a011]
2023-05-27 18:25:20.578 [main] INFO  com.example.graph.GraphApplicationTests - Starting GraphApplicationTests using Java 1.8.0_372 on CM-H7SFC230502A with PID 9164 (started by G1656996 in C:\Users\G1656996\Desktop\backup\graph)
2023-05-27 18:25:20.579 [main] INFO  com.example.graph.GraphApplicationTests - No active profile set, falling back to 1 default profile: "default"
2023-05-27 18:25:21.327 [main] INFO  c.a.d.s.b.a.DruidDataSourceAutoConfigure - Init DruidDataSource
2023-05-27 18:25:21.486 [main] INFO  com.alibaba.druid.pool.DruidDataSource - {dataSource-1} inited
2023-05-27 18:25:21.533 [main] INFO  c.g.y.a.MybatisPlusJoinAutoConfiguration - MPJSqlInjector init
2023-05-27 18:25:22.096 [main] WARN  c.b.mybatisplus.core.metadata.TableInfoHelper - This primary key of "machineId" is primitive !≤ªΩ®“È»Á¥À«Î π”√∞¸◊∞¿‡ in Class: "com.example.graph.entity.table.Machine"
2023-05-27 18:25:23.272 [main] INFO  com.example.graph.GraphApplicationTests - Started GraphApplicationTests in 2.951 seconds (JVM running for 3.777)
2023-05-27 18:25:23.845 [SpringApplicationShutdownHook] INFO  com.alibaba.druid.pool.DruidDataSource - {dataSource-1} closing ...
2023-05-27 18:25:23.849 [SpringApplicationShutdownHook] INFO  com.alibaba.druid.pool.DruidDataSource - {dataSource-1} closed
2023-05-27 18:25:53.877 [main] INFO  com.example.graph.GraphApplication - Starting GraphApplication using Java 1.8.0_372 on CM-H7SFC230502A with PID 14620 (C:\Users\G1656996\Desktop\backup\graph\target\classes started by G1656996 in C:\Users\G1656996\Desktop\backup\graph)
2023-05-27 18:25:53.879 [main] INFO  com.example.graph.GraphApplication - No active profile set, falling back to 1 default profile: "default"
2023-05-27 18:25:54.570 [main] INFO  o.s.boot.web.embedded.tomcat.TomcatWebServer - Tomcat initialized with port(s): 8080 (http)
2023-05-27 18:25:54.576 [main] INFO  org.apache.coyote.http11.Http11NioProtocol - Initializing ProtocolHandler ["http-nio-8080"]
2023-05-27 18:25:54.577 [main] INFO  org.apache.catalina.core.StandardService - Starting service [Tomcat]
2023-05-27 18:25:54.577 [main] INFO  org.apache.catalina.core.StandardEngine - Starting Servlet engine: [Apache Tomcat/9.0.74]
2023-05-27 18:25:54.652 [main] INFO  o.a.c.core.ContainerBase.[Tomcat].[localhost].[/] - Initializing Spring embedded WebApplicationContext
2023-05-27 18:25:54.652 [main] INFO  o.s.b.w.s.c.ServletWebServerApplicationContext - Root WebApplicationContext: initialization completed in 738 ms
2023-05-27 18:25:54.714 [main] INFO  c.a.d.s.b.a.DruidDataSourceAutoConfigure - Init DruidDataSource
2023-05-27 18:25:54.764 [main] INFO  com.alibaba.druid.pool.DruidDataSource - {dataSource-1} inited
2023-05-27 18:25:54.785 [main] INFO  c.g.y.a.MybatisPlusJoinAutoConfiguration - MPJSqlInjector init
2023-05-27 18:25:55.273 [main] WARN  c.b.mybatisplus.core.metadata.TableInfoHelper - This primary key of "machineId" is primitive !‰∏çÂª∫ËÆÆÂ¶ÇÊ≠§ËØ∑‰ΩøÁî®ÂåÖË£ÖÁ±ª in Class: "com.example.graph.entity.table.Machine"
2023-05-27 18:25:55.708 [main] INFO  org.apache.coyote.http11.Http11NioProtocol - Starting ProtocolHandler ["http-nio-8080"]
2023-05-27 18:25:55.726 [main] INFO  o.s.boot.web.embedded.tomcat.TomcatWebServer - Tomcat started on port(s): 8080 (http) with context path ''
2023-05-27 18:25:55.733 [main] INFO  com.example.graph.GraphApplication - Started GraphApplication in 2.134 seconds (JVM running for 2.827)
2023-05-27 18:25:55.884 [http-nio-8080-exec-1] INFO  o.a.c.core.ContainerBase.[Tomcat].[localhost].[/] - Initializing Spring DispatcherServlet 'dispatcherServlet'
2023-05-27 18:25:55.884 [http-nio-8080-exec-1] INFO  org.springframework.web.servlet.DispatcherServlet - Initializing Servlet 'dispatcherServlet'
2023-05-27 18:25:55.885 [http-nio-8080-exec-1] INFO  org.springframework.web.servlet.DispatcherServlet - Completed initialization in 1 ms
2023-05-27 18:29:31.216 [http-nio-8080-exec-5] WARN  com.alibaba.druid.pool.DruidAbstractDataSource - discard long time none received connection. , jdbcUrl : jdbc:mysql://10.151.130.135:3306/procedure_graph?useSSL=false&useUnicode=true&characterEncoding=utf-8, version : 1.2.8, lastPacketReceivedIdleMillis : 189937
2023-05-27 18:29:51.956 [SpringApplicationShutdownHook] INFO  com.alibaba.druid.pool.DruidDataSource - {dataSource-1} closing ...
2023-05-27 18:29:51.957 [SpringApplicationShutdownHook] INFO  com.alibaba.druid.pool.DruidDataSource - {dataSource-1} closed
2023-05-27 18:29:54.355 [main] INFO  com.example.graph.GraphApplication - Starting GraphApplication using Java 1.8.0_372 on CM-H7SFC230502A with PID 9296 (C:\Users\G1656996\Desktop\backup\graph\target\classes started by G1656996 in C:\Users\G1656996\Desktop\backup\graph)
2023-05-27 18:29:54.358 [main] INFO  com.example.graph.GraphApplication - No active profile set, falling back to 1 default profile: "default"
2023-05-27 18:29:54.910 [main] INFO  o.s.boot.web.embedded.tomcat.TomcatWebServer - Tomcat initialized with port(s): 8080 (http)
2023-05-27 18:29:54.913 [main] INFO  org.apache.coyote.http11.Http11NioProtocol - Initializing ProtocolHandler ["http-nio-8080"]
2023-05-27 18:29:54.914 [main] INFO  org.apache.catalina.core.StandardService - Starting service [Tomcat]
2023-05-27 18:29:54.914 [main] INFO  org.apache.catalina.core.StandardEngine - Starting Servlet engine: [Apache Tomcat/9.0.74]
2023-05-27 18:29:54.973 [main] INFO  o.a.c.core.ContainerBase.[Tomcat].[localhost].[/] - Initializing Spring embedded WebApplicationContext
2023-05-27 18:29:54.973 [main] INFO  o.s.b.w.s.c.ServletWebServerApplicationContext - Root WebApplicationContext: initialization completed in 591 ms
2023-05-27 18:29:55.025 [main] INFO  c.a.d.s.b.a.DruidDataSourceAutoConfigure - Init DruidDataSource
2023-05-27 18:29:55.064 [main] INFO  com.alibaba.druid.pool.DruidDataSource - {dataSource-1} inited
2023-05-27 18:29:55.086 [main] INFO  c.g.y.a.MybatisPlusJoinAutoConfiguration - MPJSqlInjector init
2023-05-27 18:29:55.421 [main] WARN  c.b.mybatisplus.core.metadata.TableInfoHelper - This primary key of "machineId" is primitive !‰∏çÂª∫ËÆÆÂ¶ÇÊ≠§ËØ∑‰ΩøÁî®ÂåÖË£ÖÁ±ª in Class: "com.example.graph.entity.table.Machine"
2023-05-27 18:29:55.808 [main] INFO  org.apache.coyote.http11.Http11NioProtocol - Starting ProtocolHandler ["http-nio-8080"]
2023-05-27 18:29:55.823 [main] INFO  o.s.boot.web.embedded.tomcat.TomcatWebServer - Tomcat started on port(s): 8080 (http) with context path ''
2023-05-27 18:29:55.831 [main] INFO  com.example.graph.GraphApplication - Started GraphApplication in 1.713 seconds (JVM running for 2.327)
2023-05-27 18:30:00.803 [http-nio-8080-exec-1] INFO  o.a.c.core.ContainerBase.[Tomcat].[localhost].[/] - Initializing Spring DispatcherServlet 'dispatcherServlet'
2023-05-27 18:30:00.804 [http-nio-8080-exec-1] INFO  org.springframework.web.servlet.DispatcherServlet - Initializing Servlet 'dispatcherServlet'
2023-05-27 18:30:00.804 [http-nio-8080-exec-1] INFO  org.springframework.web.servlet.DispatcherServlet - Completed initialization in 0 ms
